<?xml version="1.0" encoding="UTF-8"?>
<!-- Generated by org.testng.reporters.JUnitReportReporter -->
<testsuite hostname="SAGITEC-0761" failures="0" tests="1" name="Product_Test.CreateProductsTest" time="30.366" errors="0" timestamp="2025-04-01T13:33:27 IST" skipped="0">
  <testcase classname="Product_Test.CreateProductsTest" name="CreateProduct" time="30.366"/>
  <system-out>
    <![CDATA[product is added]]>
  </system-out>
</testsuite> <!-- Product_Test.CreateProductsTest -->
