<?xml version="1.0" encoding="UTF-8"?>
<!-- Generated by org.testng.reporters.JUnitReportReporter -->
<testsuite hostname="SAGITEC-0761" failures="0" tests="2" name="Campaign_Test.CreateCampaignTestWithMandotary" time="38.367" errors="0" timestamp="2025-04-01T13:33:27 IST" skipped="0">
  <testcase classname="Campaign_Test.CreateCampaignTestWithMandotary" name="CreatecampTest" time="22.973"/>
  <system-out>
    <![CDATA[campaign is added]]>
  </system-out>
  <testcase classname="Campaign_Test.CreateCampaignTestWithMandotary" name="CampWithClosedDateTest" time="15.394"/>
  <system-out>
    <![CDATA[campaign is added]]>
  </system-out>
</testsuite> <!-- Campaign_Test.CreateCampaignTestWithMandotary -->
